Operation            Table               Prev Value            New Value                Column Name                    TimeStamp                    user
CREATE TABLE         student                                                                                       2021-08-08_20:26:06            mueed@gmail.com     
CREATE DATABASE      office                                                                                        2021-08-08_20:27:42            mueed@gmail.com     
ALTER RENAME         student              name                 studentName                    name                 2021-08-08_20:47:25            mueed@gmail.com     
ALTER MODIFY         student                                   quote int pk                   quote                2021-08-08_21:05:51            mueed@gmail.com     
INSERT               teacher                                   [user, 1]                                          2021-08-08_21:09:55            mueed@gmail.com     
INSERT               teacher                                   [teacher1, 2]                                       2021-08-08_21:17:21            mueed@gmail.com     
INSERT               teacher                                   [teacher2, 3]                                       2021-08-08_21:17:31            mueed@gmail.com     
INSERT               teacher                                   [teacher3, 4]                                       2021-08-08_21:17:39            mueed@gmail.com     
DROP table           student                                                                                       2021-08-08_21:30:12            mueed@gmail.com     
DROP table           teacher                                                                                       2021-08-08_21:34:25            mueed@gmail.com     
DROP database        school                                                                                        2021-08-08_21:38:15            mueed@gmail.com     
CREATE TABLE         employee                                                                                      2021-08-08_21:46:53            mueed@gmail.com     
                                                     ***** START Transaction  *****                                2021-08-08_21:48:36             mueed@gmail.com   
INSERT               employee                                  [emp1, 1, test]                                     2021-08-08_21:49:48            mueed@gmail.com     
                                                     ***** ROLLBACK Transaction  *****                             2021-08-08_21:50:09             mueed@gmail.com   
                                                     ***** START Transaction  *****                                2021-08-08_22:34:09             mueed@gmail.com   
INSERT               employee                                  [emp1, 1, test]                                     2021-08-08_22:34:25            mueed@gmail.com     
                                                     ***** COMMIT Transaction  *****                               2021-08-08_22:34:33             mueed@gmail.com   
SELECT               employee                                  [[emp1, 1, test]]                                   2021-08-08_22:34:42            mueed@gmail.com     
